<?xml version="1.0" encoding="UTF-8"?>
<!-- Generated by org.testng.reporters.JUnitReportReporter -->
<testsuite hostname="Suganya" failures="0" tests="1" name="guru9.seleniumbase.Guru99Base" time="177.927" errors="0" timestamp="2023-03-20T11:19:45 IST" skipped="0">
  <testcase classname="guru9.seleniumbase.Guru99Base" name="startApp" time="177.927"/>
  <system-out/>
</testsuite> <!-- guru9.seleniumbase.Guru99Base -->
